5002 | 5001 | SYN | 0 | 20221120111052
7001 | 56177 | ACK/SYN | 0 | 20221120111052
6001 | 5001 | ACK | 0 | 20221120111052
6001 | 7001 | DATA | 4 | 20221120111054
7001 | 6001 | DATA | 4 | 20221120111054
6001 | 7001 | DATA | 4 | 20221120111056
7001 | 6001 | DATA | 4 | 20221120111056
6001 | 7001 | DATA | 4 | 20221120111058
7001 | 6001 | DATA | 4 | 20221120111058
6001 | 7001 | DATA | 4 | 20221120111100
7001 | 6001 | DATA | 4 | 20221120111100
6001 | 7001 | DATA | 4 | 20221120111102
7001 | 6001 | DATA | 4 | 20221120111102
6001 | 7001 | DATA | 4 | 20221120111104
7001 | 6001 | DATA | 4 | 20221120111104
6001 | 7001 | DATA | 4 | 20221120111106
7001 | 6001 | DATA | 4 | 20221120111106
6001 | 7001 | DATA | 4 | 20221120111108
7001 | 6001 | DATA | 4 | 20221120111108
6001 | 7001 | DATA | 4 | 20221120111110
7001 | 6001 | DATA | 4 | 20221120111110
6001 | 7001 | DATA | 4 | 20221120111112
7001 | 6001 | DATA | 4 | 20221120111112
6001 | 7001 | DATA | 4 | 20221120111114
7001 | 6001 | DATA | 4 | 20221120111114
6001 | 7001 | DATA | 4 | 20221120111116
7001 | 6001 | DATA | 4 | 20221120111116
6001 | 7001 | DATA | 4 | 20221120111118
7001 | 6001 | DATA | 4 | 20221120111118
6001 | 7001 | DATA | 4 | 20221120111120
7001 | 6001 | DATA | 4 | 20221120111120
6001 | 7001 | DATA | 4 | 20221120111122
7001 | 6001 | DATA | 4 | 20221120111122
6001 | 7001 | DATA | 4 | 20221120111124
7001 | 6001 | DATA | 4 | 20221120111124
6001 | 7001 | DATA | 4 | 20221120111126
7001 | 6001 | DATA | 4 | 20221120111126
6001 | 7001 | DATA | 4 | 20221120111128
7001 | 6001 | DATA | 4 | 20221120111128
6001 | 7001 | DATA | 4 | 20221120111130
7001 | 6001 | DATA | 4 | 20221120111130
6001 | 7001 | DATA | 4 | 20221120111132
7001 | 6001 | DATA | 4 | 20221120111132
6001 | 7001 | DATA | 4 | 20221120111134
7001 | 6001 | DATA | 4 | 20221120111134
6001 | 7001 | DATA | 4 | 20221120111136
7001 | 6001 | DATA | 4 | 20221120111136
6001 | 7001 | DATA | 4 | 20221120111138
7001 | 6001 | DATA | 4 | 20221120111138
6001 | 7001 | DATA | 4 | 20221120111140
7001 | 6001 | DATA | 4 | 20221120111140
6001 | 7001 | DATA | 4 | 20221120111142
7001 | 6001 | DATA | 4 | 20221120111142
6001 | 7001 | DATA | 4 | 20221120111144
7001 | 6001 | DATA | 4 | 20221120111144
6001 | 7001 | DATA | 4 | 20221120111146
7001 | 6001 | DATA | 4 | 20221120111146
6001 | 7001 | DATA | 4 | 20221120111148
7001 | 6001 | DATA | 4 | 20221120111148
6001 | 7001 | DATA | 4 | 20221120111150
7001 | 6001 | DATA | 4 | 20221120111150
6001 | 7001 | DATA | 4 | 20221120111152
7001 | 6001 | DATA | 4 | 20221120111152
6001 | 7001 | DATA | 4 | 20221120111154
7001 | 6001 | DATA | 4 | 20221120111154
6001 | 7001 | DATA | 4 | 20221120111156
7001 | 6001 | DATA | 4 | 20221120111156
6001 | 7001 | DATA | 4 | 20221120111158
7001 | 6001 | DATA | 4 | 20221120111158
6001 | 7001 | DATA | 4 | 20221120111200
7001 | 6001 | DATA | 4 | 20221120111200
6001 | 7001 | DATA | 4 | 20221120111202
7001 | 6001 | DATA | 4 | 20221120111202
6001 | 7001 | DATA | 4 | 20221120111204
7001 | 6001 | DATA | 4 | 20221120111204
6001 | 7001 | DATA | 4 | 20221120111206
7001 | 6001 | DATA | 4 | 20221120111206
6001 | 7001 | DATA | 4 | 20221120111208
7001 | 6001 | DATA | 4 | 20221120111208
6001 | 7001 | DATA | 4 | 20221120111210
7001 | 6001 | DATA | 4 | 20221120111210
6001 | 7001 | DATA | 4 | 20221120111212
7001 | 6001 | DATA | 4 | 20221120111212
6001 | 7001 | DATA | 4 | 20221120111214
7001 | 6001 | DATA | 4 | 20221120111214
6001 | 7001 | DATA | 4 | 20221120111216
7001 | 6001 | DATA | 4 | 20221120111216
6001 | 7001 | DATA | 4 | 20221120111218
7001 | 6001 | DATA | 4 | 20221120111218
6001 | 7001 | DATA | 4 | 20221120111220
7001 | 6001 | DATA | 4 | 20221120111220
6001 | 7001 | DATA | 4 | 20221120111222
7001 | 6001 | DATA | 4 | 20221120111222
6001 | 7001 | DATA | 4 | 20221120111224
7001 | 6001 | DATA | 4 | 20221120111224
6001 | 7001 | DATA | 4 | 20221120111226
7001 | 6001 | DATA | 4 | 20221120111226
6001 | 7001 | DATA | 4 | 20221120111228
7001 | 6001 | DATA | 4 | 20221120111228
6001 | 7001 | DATA | 4 | 20221120111230
7001 | 6001 | DATA | 4 | 20221120111230
6001 | 7001 | DATA | 4 | 20221120111232
7001 | 6001 | DATA | 4 | 20221120111232
6001 | 7001 | DATA | 4 | 20221120111234
7001 | 6001 | DATA | 4 | 20221120111234
6001 | 7001 | DATA | 4 | 20221120111236
7001 | 6001 | DATA | 4 | 20221120111236
6001 | 7001 | DATA | 4 | 20221120111238
7001 | 6001 | DATA | 4 | 20221120111238
6001 | 7001 | DATA | 4 | 20221120111240
7001 | 6001 | DATA | 4 | 20221120111240
6001 | 7001 | DATA | 4 | 20221120111242
7001 | 6001 | DATA | 4 | 20221120111242
6001 | 7001 | DATA | 4 | 20221120111244
7001 | 6001 | DATA | 4 | 20221120111244
6001 | 7001 | DATA | 4 | 20221120111246
7001 | 6001 | DATA | 4 | 20221120111246
6001 | 7001 | DATA | 4 | 20221120111248
7001 | 6001 | DATA | 4 | 20221120111248
6001 | 7001 | DATA | 4 | 20221120111250
7001 | 6001 | DATA | 4 | 20221120111250
6001 | 7001 | DATA | 4 | 20221120111252
7001 | 6001 | DATA | 4 | 20221120111252
6001 | 7001 | DATA | 4 | 20221120111254
7001 | 6001 | DATA | 4 | 20221120111254
6001 | 7001 | DATA | 4 | 20221120111256
7001 | 6001 | DATA | 4 | 20221120111256
6001 | 7001 | DATA | 4 | 20221120111258
7001 | 6001 | DATA | 4 | 20221120111258
6001 | 7001 | DATA | 4 | 20221120111300
7001 | 6001 | DATA | 4 | 20221120111300
6001 | 7001 | DATA | 4 | 20221120111302
7001 | 6001 | DATA | 4 | 20221120111302
6001 | 7001 | DATA | 4 | 20221120111304
7001 | 6001 | DATA | 4 | 20221120111304
6001 | 7001 | DATA | 4 | 20221120111306
7001 | 6001 | DATA | 4 | 20221120111306
6001 | 7001 | DATA | 4 | 20221120111308
7001 | 6001 | DATA | 4 | 20221120111308
6001 | 7001 | DATA | 4 | 20221120111310
7001 | 6001 | DATA | 4 | 20221120111310
6001 | 7001 | DATA | 4 | 20221120111312
7001 | 6001 | DATA | 4 | 20221120111312
6001 | 7001 | DATA | 4 | 20221120111314
7001 | 6001 | DATA | 4 | 20221120111314
6001 | 7001 | DATA | 4 | 20221120111316
7001 | 6001 | DATA | 4 | 20221120111316
6001 | 7001 | DATA | 4 | 20221120111318
7001 | 6001 | DATA | 4 | 20221120111318
6001 | 7001 | DATA | 4 | 20221120111320
7001 | 6001 | DATA | 4 | 20221120111320
6001 | 7001 | DATA | 4 | 20221120111322
7001 | 6001 | DATA | 4 | 20221120111322
6001 | 7001 | DATA | 4 | 20221120111324
7001 | 6001 | DATA | 4 | 20221120111324
6001 | 7001 | DATA | 4 | 20221120111326
7001 | 6001 | DATA | 4 | 20221120111326
6001 | 7001 | DATA | 4 | 20221120111328
7001 | 6001 | DATA | 4 | 20221120111328
6001 | 7001 | DATA | 4 | 20221120111330
7001 | 6001 | DATA | 4 | 20221120111330
6001 | 7001 | DATA | 4 | 20221120111332
7001 | 6001 | DATA | 4 | 20221120111332
6001 | 7001 | DATA | 4 | 20221120111334
7001 | 6001 | DATA | 4 | 20221120111334
6001 | 7001 | DATA | 4 | 20221120111336
7001 | 6001 | DATA | 4 | 20221120111336
6001 | 7001 | DATA | 4 | 20221120111338
7001 | 6001 | DATA | 4 | 20221120111338
6001 | 7001 | DATA | 4 | 20221120111340
7001 | 6001 | DATA | 4 | 20221120111340
6001 | 7001 | DATA | 4 | 20221120111342
7001 | 6001 | DATA | 4 | 20221120111342
6001 | 7001 | DATA | 4 | 20221120111344
7001 | 6001 | DATA | 4 | 20221120111344
6001 | 7001 | DATA | 4 | 20221120111346
7001 | 6001 | DATA | 4 | 20221120111346
6001 | 7001 | DATA | 4 | 20221120111348
7001 | 6001 | DATA | 4 | 20221120111348
6001 | 7001 | DATA | 4 | 20221120111350
7001 | 6001 | DATA | 4 | 20221120111350
6001 | 7001 | DATA | 4 | 20221120111352
7001 | 6001 | DATA | 4 | 20221120111352
6001 | 7001 | DATA | 4 | 20221120111354
7001 | 6001 | DATA | 4 | 20221120111354
6001 | 7001 | DATA | 4 | 20221120111356
7001 | 6001 | DATA | 4 | 20221120111356
6001 | 7001 | DATA | 4 | 20221120111358
7001 | 6001 | DATA | 4 | 20221120111358
6001 | 7001 | DATA | 4 | 20221120111400
7001 | 6001 | DATA | 4 | 20221120111400
6001 | 7001 | DATA | 4 | 20221120111402
7001 | 6001 | DATA | 4 | 20221120111402
6001 | 7001 | DATA | 4 | 20221120111404
7001 | 6001 | DATA | 4 | 20221120111404
6001 | 7001 | DATA | 4 | 20221120111406
7001 | 6001 | DATA | 4 | 20221120111406
6001 | 7001 | DATA | 4 | 20221120111408
7001 | 6001 | DATA | 4 | 20221120111408
6001 | 7001 | DATA | 4 | 20221120111410
7001 | 6001 | DATA | 4 | 20221120111410
6001 | 7001 | DATA | 4 | 20221120111412
7001 | 6001 | DATA | 4 | 20221120111412
6001 | 7001 | DATA | 4 | 20221120111414
7001 | 6001 | DATA | 4 | 20221120111414
6001 | 7001 | DATA | 4 | 20221120111416
7001 | 6001 | DATA | 4 | 20221120111416
6001 | 7001 | DATA | 4 | 20221120111418
7001 | 6001 | DATA | 4 | 20221120111418
6001 | 7001 | DATA | 4 | 20221120111420
7001 | 6001 | DATA | 4 | 20221120111420
6001 | 7001 | DATA | 4 | 20221120111422
7001 | 6001 | DATA | 4 | 20221120111422
6001 | 7001 | DATA | 4 | 20221120111424
7001 | 6001 | DATA | 4 | 20221120111424
6001 | 7001 | DATA | 4 | 20221120111426
7001 | 6001 | DATA | 4 | 20221120111426
6001 | 7001 | DATA | 4 | 20221120111428
7001 | 6001 | DATA | 4 | 20221120111428
6001 | 7001 | DATA | 4 | 20221120111430
7001 | 6001 | DATA | 4 | 20221120111430
6001 | 7001 | DATA | 4 | 20221120111432
7001 | 6001 | DATA | 4 | 20221120111432
6001 | 7001 | DATA | 4 | 20221120111434
7001 | 6001 | DATA | 4 | 20221120111434
6001 | 7001 | DATA | 4 | 20221120111436
7001 | 6001 | DATA | 4 | 20221120111436
6001 | 7001 | DATA | 4 | 20221120111438
7001 | 6001 | DATA | 4 | 20221120111438
6001 | 7001 | DATA | 4 | 20221120111440
7001 | 6001 | DATA | 4 | 20221120111440
6001 | 7001 | DATA | 4 | 20221120111442
7001 | 6001 | DATA | 4 | 20221120111442
6001 | 7001 | DATA | 4 | 20221120111444
7001 | 6001 | DATA | 4 | 20221120111444
6001 | 7001 | DATA | 4 | 20221120111446
7001 | 6001 | DATA | 4 | 20221120111446
6001 | 7001 | DATA | 4 | 20221120111448
7001 | 6001 | DATA | 4 | 20221120111448
6001 | 7001 | DATA | 4 | 20221120111450
7001 | 6001 | DATA | 4 | 20221120111450
6001 | 7001 | DATA | 4 | 20221120111452
7001 | 6001 | DATA | 4 | 20221120111452
6001 | 7001 | DATA | 4 | 20221120111454
7001 | 6001 | DATA | 4 | 20221120111454
6001 | 7001 | DATA | 4 | 20221120111456
7001 | 6001 | DATA | 4 | 20221120111456
6001 | 7001 | DATA | 4 | 20221120111458
7001 | 6001 | DATA | 4 | 20221120111458
6001 | 7001 | DATA | 4 | 20221120111500
7001 | 6001 | DATA | 4 | 20221120111500
6001 | 7001 | DATA | 4 | 20221120111502
7001 | 6001 | DATA | 4 | 20221120111502
6001 | 7001 | DATA | 4 | 20221120111504
7001 | 6001 | DATA | 4 | 20221120111504
6001 | 7001 | DATA | 4 | 20221120111506
7001 | 6001 | DATA | 4 | 20221120111506
6001 | 7001 | DATA | 4 | 20221120111508
7001 | 6001 | DATA | 4 | 20221120111508
6001 | 7001 | DATA | 4 | 20221120111510
7001 | 6001 | DATA | 4 | 20221120111510
6001 | 7001 | DATA | 4 | 20221120111512
7001 | 6001 | DATA | 4 | 20221120111512
6001 | 7001 | DATA | 4 | 20221120111514
7001 | 6001 | DATA | 4 | 20221120111514
6001 | 7001 | DATA | 4 | 20221120111516
7001 | 6001 | DATA | 4 | 20221120111516
6001 | 7001 | DATA | 4 | 20221120111518
7001 | 6001 | DATA | 4 | 20221120111518
6001 | 7001 | DATA | 4 | 20221120111520
7001 | 6001 | DATA | 4 | 20221120111520
6001 | 7001 | DATA | 4 | 20221120111522
7001 | 6001 | DATA | 4 | 20221120111522
6001 | 7001 | DATA | 4 | 20221120111524
7001 | 6001 | DATA | 4 | 20221120111524
6001 | 7001 | DATA | 4 | 20221120111526
7001 | 6001 | DATA | 4 | 20221120111526
6001 | 7001 | DATA | 4 | 20221120111528
7001 | 6001 | DATA | 4 | 20221120111528
6001 | 7001 | DATA | 4 | 20221120111530
7001 | 6001 | DATA | 4 | 20221120111530
6001 | 7001 | DATA | 4 | 20221120111532
7001 | 6001 | DATA | 4 | 20221120111532
6001 | 7001 | DATA | 4 | 20221120111534
7001 | 6001 | DATA | 4 | 20221120111534
6001 | 7001 | DATA | 4 | 20221120111536
7001 | 6001 | DATA | 4 | 20221120111536
6001 | 7001 | DATA | 4 | 20221120111538
7001 | 6001 | DATA | 4 | 20221120111538
6001 | 7001 | DATA | 4 | 20221120111540
7001 | 6001 | DATA | 4 | 20221120111540
6001 | 7001 | DATA | 4 | 20221120111542
7001 | 6001 | DATA | 4 | 20221120111542
6001 | 7001 | DATA | 4 | 20221120111544
7001 | 6001 | DATA | 4 | 20221120111544
6001 | 7001 | DATA | 4 | 20221120111546
7001 | 6001 | DATA | 4 | 20221120111546
6001 | 7001 | DATA | 4 | 20221120111548
7001 | 6001 | DATA | 4 | 20221120111548
6001 | 7001 | DATA | 4 | 20221120111550
7001 | 6001 | DATA | 4 | 20221120111550
6001 | 7001 | DATA | 4 | 20221120111552
7001 | 6001 | DATA | 4 | 20221120111552
6001 | 7001 | DATA | 4 | 20221120111554
7001 | 6001 | DATA | 4 | 20221120111554
6001 | 7001 | DATA | 4 | 20221120111556
7001 | 6001 | DATA | 4 | 20221120111556
6001 | 7001 | DATA | 4 | 20221120111558
7001 | 6001 | DATA | 4 | 20221120111558
6001 | 7001 | DATA | 4 | 20221120111600
7001 | 6001 | DATA | 4 | 20221120111600
6001 | 7001 | DATA | 4 | 20221120111602
7001 | 6001 | DATA | 4 | 20221120111602
6001 | 7001 | DATA | 4 | 20221120111604
7001 | 6001 | DATA | 4 | 20221120111604
6001 | 7001 | DATA | 4 | 20221120111606
7001 | 6001 | DATA | 4 | 20221120111606
6001 | 7001 | DATA | 4 | 20221120111608
7001 | 6001 | DATA | 4 | 20221120111608
6001 | 7001 | DATA | 4 | 20221120111610
7001 | 6001 | DATA | 4 | 20221120111610
6001 | 7001 | DATA | 4 | 20221120111612
7001 | 6001 | DATA | 4 | 20221120111612
6001 | 7001 | DATA | 4 | 20221120111614
7001 | 6001 | DATA | 4 | 20221120111614
6001 | 7001 | DATA | 4 | 20221120111616
7001 | 6001 | DATA | 4 | 20221120111616
6001 | 7001 | DATA | 4 | 20221120111618
7001 | 6001 | DATA | 4 | 20221120111618
6001 | 7001 | DATA | 4 | 20221120111620
7001 | 6001 | DATA | 4 | 20221120111620
6001 | 7001 | DATA | 4 | 20221120111622
7001 | 6001 | DATA | 4 | 20221120111622
6001 | 7001 | DATA | 4 | 20221120111624
7001 | 6001 | DATA | 4 | 20221120111624
6001 | 7001 | DATA | 4 | 20221120111626
7001 | 6001 | DATA | 4 | 20221120111626
6001 | 7001 | DATA | 4 | 20221120111628
7001 | 6001 | DATA | 4 | 20221120111628
6001 | 7001 | DATA | 4 | 20221120111630
7001 | 6001 | DATA | 4 | 20221120111630
6001 | 7001 | DATA | 4 | 20221120111632
7001 | 6001 | DATA | 4 | 20221120111632
6001 | 7001 | DATA | 4 | 20221120111634
7001 | 6001 | DATA | 4 | 20221120111634
6001 | 7001 | DATA | 4 | 20221120111636
7001 | 6001 | DATA | 4 | 20221120111636
6001 | 7001 | DATA | 4 | 20221120111638
7001 | 6001 | DATA | 4 | 20221120111638
6001 | 7001 | DATA | 4 | 20221120111640
7001 | 6001 | DATA | 4 | 20221120111640
6001 | 7001 | DATA | 4 | 20221120111642
7001 | 6001 | DATA | 4 | 20221120111642
6001 | 7001 | DATA | 4 | 20221120111645
7001 | 6001 | DATA | 4 | 20221120111645
6001 | 7001 | DATA | 4 | 20221120111647
7001 | 6001 | DATA | 4 | 20221120111647
6001 | 7001 | DATA | 4 | 20221120111649
7001 | 6001 | DATA | 4 | 20221120111649
6001 | 7001 | DATA | 4 | 20221120111651
7001 | 6001 | DATA | 4 | 20221120111651
6001 | 7001 | DATA | 4 | 20221120111653
7001 | 6001 | DATA | 4 | 20221120111653
6001 | 7001 | DATA | 4 | 20221120111655
7001 | 6001 | DATA | 4 | 20221120111655
6001 | 7001 | DATA | 4 | 20221120111657
7001 | 6001 | DATA | 4 | 20221120111657
6001 | 7001 | DATA | 4 | 20221120111659
7001 | 6001 | DATA | 4 | 20221120111659
6001 | 7001 | DATA | 4 | 20221120111701
7001 | 6001 | DATA | 4 | 20221120111701
6001 | 7001 | DATA | 4 | 20221120111703
7001 | 6001 | DATA | 4 | 20221120111703
6001 | 7001 | DATA | 4 | 20221120111705
7001 | 6001 | DATA | 4 | 20221120111705
6001 | 7001 | DATA | 4 | 20221120111707
7001 | 6001 | DATA | 4 | 20221120111707
6001 | 7001 | DATA | 4 | 20221120111709
7001 | 6001 | DATA | 4 | 20221120111709
6001 | 7001 | DATA | 4 | 20221120111711
7001 | 6001 | DATA | 4 | 20221120111711
6001 | 7001 | DATA | 4 | 20221120111713
7001 | 6001 | DATA | 4 | 20221120111713
6001 | 7001 | DATA | 4 | 20221120111715
7001 | 6001 | DATA | 4 | 20221120111715
6001 | 7001 | DATA | 4 | 20221120111717
7001 | 6001 | DATA | 4 | 20221120111717
6001 | 7001 | DATA | 4 | 20221120111719
7001 | 6001 | DATA | 4 | 20221120111719
6001 | 7001 | DATA | 4 | 20221120111721
7001 | 6001 | DATA | 4 | 20221120111721
6001 | 7001 | DATA | 4 | 20221120111723
7001 | 6001 | DATA | 4 | 20221120111723
6001 | 7001 | DATA | 4 | 20221120111725
7001 | 6001 | DATA | 4 | 20221120111725
6001 | 7001 | DATA | 4 | 20221120111727
7001 | 6001 | DATA | 4 | 20221120111727
6001 | 7001 | DATA | 4 | 20221120111729
7001 | 6001 | DATA | 4 | 20221120111729
6001 | 7001 | DATA | 4 | 20221120111731
7001 | 6001 | DATA | 4 | 20221120111731
6001 | 7001 | DATA | 4 | 20221120111733
7001 | 6001 | DATA | 4 | 20221120111733
6001 | 7001 | DATA | 4 | 20221120111735
7001 | 6001 | DATA | 4 | 20221120111735
6001 | 7001 | DATA | 4 | 20221120111737
7001 | 6001 | DATA | 4 | 20221120111737
6001 | 7001 | DATA | 4 | 20221120111739
7001 | 6001 | DATA | 4 | 20221120111739
6001 | 7001 | DATA | 4 | 20221120111741
7001 | 6001 | DATA | 4 | 20221120111741
6001 | 7001 | DATA | 4 | 20221120111743
7001 | 6001 | DATA | 4 | 20221120111743
6001 | 7001 | DATA | 4 | 20221120111745
7001 | 6001 | DATA | 4 | 20221120111745
6001 | 7001 | DATA | 4 | 20221120111747
7001 | 6001 | DATA | 4 | 20221120111747
6001 | 7001 | DATA | 4 | 20221120111749
7001 | 6001 | DATA | 4 | 20221120111749
6001 | 7001 | DATA | 4 | 20221120111751
7001 | 6001 | DATA | 4 | 20221120111751
6001 | 7001 | DATA | 4 | 20221120111753
7001 | 6001 | DATA | 4 | 20221120111753
6001 | 7001 | DATA | 4 | 20221120111755
7001 | 6001 | DATA | 4 | 20221120111755
6001 | 7001 | DATA | 4 | 20221120111757
7001 | 6001 | DATA | 4 | 20221120111757
6001 | 7001 | DATA | 4 | 20221120111759
7001 | 6001 | DATA | 4 | 20221120111759
6001 | 7001 | DATA | 4 | 20221120111801
7001 | 6001 | DATA | 4 | 20221120111801
6001 | 7001 | DATA | 4 | 20221120111803
7001 | 6001 | DATA | 4 | 20221120111803
6001 | 7001 | DATA | 4 | 20221120111805
7001 | 6001 | DATA | 4 | 20221120111805
6001 | 7001 | DATA | 4 | 20221120111807
7001 | 6001 | DATA | 4 | 20221120111807
6001 | 7001 | DATA | 4 | 20221120111809
7001 | 6001 | DATA | 4 | 20221120111809
6001 | 7001 | DATA | 4 | 20221120111811
7001 | 6001 | DATA | 4 | 20221120111811
6001 | 7001 | DATA | 4 | 20221120111813
7001 | 6001 | DATA | 4 | 20221120111813
6001 | 7001 | DATA | 4 | 20221120111815
7001 | 6001 | DATA | 4 | 20221120111815
6001 | 7001 | DATA | 4 | 20221120111817
7001 | 6001 | DATA | 4 | 20221120111817
6001 | 7001 | DATA | 4 | 20221120111819
7001 | 6001 | DATA | 4 | 20221120111819
6001 | 7001 | DATA | 4 | 20221120111821
7001 | 6001 | DATA | 4 | 20221120111821
6001 | 7001 | DATA | 4 | 20221120111823
7001 | 6001 | DATA | 4 | 20221120111823
6001 | 7001 | DATA | 4 | 20221120111825
7001 | 6001 | DATA | 4 | 20221120111825
6001 | 7001 | DATA | 4 | 20221120111827
7001 | 6001 | DATA | 4 | 20221120111827
6001 | 7001 | DATA | 4 | 20221120111829
7001 | 6001 | DATA | 4 | 20221120111829
6001 | 7001 | DATA | 4 | 20221120111831
7001 | 6001 | DATA | 4 | 20221120111831
6001 | 7001 | DATA | 4 | 20221120111833
7001 | 6001 | DATA | 4 | 20221120111833
6001 | 7001 | DATA | 4 | 20221120111835
7001 | 6001 | DATA | 4 | 20221120111835
6001 | 7001 | DATA | 4 | 20221120111837
7001 | 6001 | DATA | 4 | 20221120111837
6001 | 7001 | DATA | 4 | 20221120111839
7001 | 6001 | DATA | 4 | 20221120111839
6001 | 7001 | DATA | 4 | 20221120111841
7001 | 6001 | DATA | 4 | 20221120111841
6001 | 7001 | DATA | 4 | 20221120111843
7001 | 6001 | DATA | 4 | 20221120111843
6001 | 7001 | DATA | 4 | 20221120111845
7001 | 6001 | DATA | 4 | 20221120111845
6001 | 7001 | DATA | 4 | 20221120111847
7001 | 6001 | DATA | 4 | 20221120111847
6001 | 7001 | DATA | 4 | 20221120111849
7001 | 6001 | DATA | 4 | 20221120111849
6001 | 7001 | DATA | 4 | 20221120111851
7001 | 6001 | DATA | 4 | 20221120111851
6001 | 7001 | DATA | 4 | 20221120111853
7001 | 6001 | DATA | 4 | 20221120111853
6001 | 7001 | DATA | 4 | 20221120111855
7001 | 6001 | DATA | 4 | 20221120111855
6001 | 7001 | DATA | 4 | 20221120111857
7001 | 6001 | DATA | 4 | 20221120111857
6001 | 7001 | DATA | 4 | 20221120111859
7001 | 6001 | DATA | 4 | 20221120111859
6001 | 7001 | DATA | 4 | 20221120111901
7001 | 6001 | DATA | 4 | 20221120111901
6001 | 7001 | DATA | 4 | 20221120111903
7001 | 6001 | DATA | 4 | 20221120111903
6001 | 7001 | DATA | 4 | 20221120111905
7001 | 6001 | DATA | 4 | 20221120111905
6001 | 7001 | DATA | 4 | 20221120111907
7001 | 6001 | DATA | 4 | 20221120111907
6001 | 7001 | DATA | 4 | 20221120111909
7001 | 6001 | DATA | 4 | 20221120111909
6001 | 7001 | DATA | 4 | 20221120111911
7001 | 6001 | DATA | 4 | 20221120111911
6001 | 7001 | DATA | 4 | 20221120111913
7001 | 6001 | DATA | 4 | 20221120111913
6001 | 7001 | DATA | 4 | 20221120111915
7001 | 6001 | DATA | 4 | 20221120111915
6001 | 7001 | DATA | 4 | 20221120111917
7001 | 6001 | DATA | 4 | 20221120111917
6001 | 7001 | DATA | 4 | 20221120111919
7001 | 6001 | DATA | 4 | 20221120111919
6001 | 7001 | DATA | 4 | 20221120111921
7001 | 6001 | DATA | 4 | 20221120111921
6001 | 7001 | DATA | 4 | 20221120111923
7001 | 6001 | DATA | 4 | 20221120111923
6001 | 7001 | DATA | 4 | 20221120111925
7001 | 6001 | DATA | 4 | 20221120111925
6001 | 7001 | DATA | 4 | 20221120111927
7001 | 6001 | DATA | 4 | 20221120111927
6001 | 7001 | DATA | 4 | 20221120111929
7001 | 6001 | DATA | 4 | 20221120111929
6001 | 7001 | DATA | 4 | 20221120111931
7001 | 6001 | DATA | 4 | 20221120111931
6001 | 7001 | DATA | 4 | 20221120111933
7001 | 6001 | DATA | 4 | 20221120111933
6001 | 7001 | DATA | 4 | 20221120111935
7001 | 6001 | DATA | 4 | 20221120111935
6001 | 7001 | DATA | 4 | 20221120111937
7001 | 6001 | DATA | 4 | 20221120111937
6001 | 7001 | DATA | 4 | 20221120111939
7001 | 6001 | DATA | 4 | 20221120111939
6001 | 7001 | DATA | 4 | 20221120111941
7001 | 6001 | DATA | 4 | 20221120111941
6001 | 7001 | DATA | 4 | 20221120111943
7001 | 6001 | DATA | 4 | 20221120111943
6001 | 7001 | DATA | 4 | 20221120111945
7001 | 6001 | DATA | 4 | 20221120111945
6001 | 7001 | DATA | 4 | 20221120111947
7001 | 6001 | DATA | 4 | 20221120111947
6001 | 7001 | DATA | 4 | 20221120111949
7001 | 6001 | DATA | 4 | 20221120111949
6001 | 7001 | DATA | 4 | 20221120111951
7001 | 6001 | DATA | 4 | 20221120111951
6001 | 7001 | DATA | 4 | 20221120111953
7001 | 6001 | DATA | 4 | 20221120111953
6001 | 7001 | DATA | 4 | 20221120111955
7001 | 6001 | DATA | 4 | 20221120111955
6001 | 7001 | DATA | 4 | 20221120111957
7001 | 6001 | DATA | 4 | 20221120111957
6001 | 7001 | DATA | 4 | 20221120111959
7001 | 6001 | DATA | 4 | 20221120111959
6001 | 7001 | DATA | 4 | 20221120112001
7001 | 6001 | DATA | 4 | 20221120112001
6001 | 7001 | DATA | 4 | 20221120112003
7001 | 6001 | DATA | 4 | 20221120112003
6001 | 7001 | DATA | 4 | 20221120112005
7001 | 6001 | DATA | 4 | 20221120112005
6001 | 7001 | DATA | 4 | 20221120112007
7001 | 6001 | DATA | 4 | 20221120112007
6001 | 7001 | DATA | 4 | 20221120112009
7001 | 6001 | DATA | 4 | 20221120112009
6001 | 7001 | DATA | 4 | 20221120112011
7001 | 6001 | DATA | 4 | 20221120112011
6001 | 7001 | DATA | 4 | 20221120112013
7001 | 6001 | DATA | 4 | 20221120112013
6001 | 7001 | DATA | 4 | 20221120112015
7001 | 6001 | DATA | 4 | 20221120112015
6001 | 7001 | DATA | 4 | 20221120112017
7001 | 6001 | DATA | 4 | 20221120112017
6001 | 7001 | DATA | 4 | 20221120112019
7001 | 6001 | DATA | 4 | 20221120112019
6001 | 7001 | DATA | 4 | 20221120112021
7001 | 6001 | DATA | 4 | 20221120112021
6001 | 7001 | DATA | 4 | 20221120112023
7001 | 6001 | DATA | 4 | 20221120112023
6001 | 7001 | DATA | 4 | 20221120112025
7001 | 6001 | DATA | 4 | 20221120112025
6001 | 7001 | DATA | 4 | 20221120112027
7001 | 6001 | DATA | 4 | 20221120112027
6001 | 7001 | DATA | 4 | 20221120112029
7001 | 6001 | DATA | 4 | 20221120112029
6001 | 7001 | DATA | 4 | 20221120112031
7001 | 6001 | DATA | 4 | 20221120112031
6001 | 7001 | DATA | 4 | 20221120112033
7001 | 6001 | DATA | 4 | 20221120112033
6001 | 7001 | DATA | 4 | 20221120112035
7001 | 6001 | DATA | 4 | 20221120112035
6001 | 7001 | DATA | 4 | 20221120112037
7001 | 6001 | DATA | 4 | 20221120112037
6001 | 7001 | DATA | 4 | 20221120112039
7001 | 6001 | DATA | 4 | 20221120112039
6001 | 7001 | DATA | 4 | 20221120112041
7001 | 6001 | DATA | 4 | 20221120112041
6001 | 7001 | DATA | 4 | 20221120112043
7001 | 6001 | DATA | 4 | 20221120112043
6001 | 7001 | DATA | 4 | 20221120112045
7001 | 6001 | DATA | 4 | 20221120112045
6001 | 7001 | DATA | 4 | 20221120112047
7001 | 6001 | DATA | 4 | 20221120112047
6001 | 7001 | DATA | 4 | 20221120112049
7001 | 6001 | DATA | 4 | 20221120112049
6001 | 7001 | DATA | 4 | 20221120112051
7001 | 6001 | DATA | 4 | 20221120112051
6001 | 7001 | DATA | 4 | 20221120112053
7001 | 6001 | DATA | 4 | 20221120112053
6001 | 7001 | DATA | 4 | 20221120112055
7001 | 6001 | DATA | 4 | 20221120112055
6001 | 7001 | DATA | 4 | 20221120112057
7001 | 6001 | DATA | 4 | 20221120112057
6001 | 7001 | DATA | 4 | 20221120112059
7001 | 6001 | DATA | 4 | 20221120112059
6001 | 7001 | DATA | 4 | 20221120112101
7001 | 6001 | DATA | 4 | 20221120112101
6001 | 7001 | DATA | 4 | 20221120112103
7001 | 6001 | DATA | 4 | 20221120112103
6001 | 7001 | DATA | 4 | 20221120112105
7001 | 6001 | DATA | 4 | 20221120112105
6001 | 7001 | DATA | 4 | 20221120112107
7001 | 6001 | DATA | 4 | 20221120112107
6001 | 7001 | DATA | 4 | 20221120112109
7001 | 6001 | DATA | 4 | 20221120112109
6001 | 7001 | DATA | 4 | 20221120112111
7001 | 6001 | DATA | 4 | 20221120112111
6001 | 7001 | DATA | 4 | 20221120112113
7001 | 6001 | DATA | 4 | 20221120112113
6001 | 7001 | DATA | 4 | 20221120112115
7001 | 6001 | DATA | 4 | 20221120112115
6001 | 7001 | DATA | 4 | 20221120112117
7001 | 6001 | DATA | 4 | 20221120112117
6001 | 7001 | DATA | 4 | 20221120112119
7001 | 6001 | DATA | 4 | 20221120112119
6001 | 7001 | DATA | 4 | 20221120112121
7001 | 6001 | DATA | 4 | 20221120112121
6001 | 7001 | DATA | 4 | 20221120112123
7001 | 6001 | DATA | 4 | 20221120112123
6001 | 7001 | DATA | 4 | 20221120112125
7001 | 6001 | DATA | 4 | 20221120112125
6001 | 7001 | DATA | 4 | 20221120112127
7001 | 6001 | DATA | 4 | 20221120112127
6001 | 7001 | DATA | 4 | 20221120112129
7001 | 6001 | DATA | 4 | 20221120112129
6001 | 7001 | DATA | 4 | 20221120112131
7001 | 6001 | DATA | 4 | 20221120112131
6001 | 7001 | DATA | 4 | 20221120112133
7001 | 6001 | DATA | 4 | 20221120112133
6001 | 7001 | DATA | 4 | 20221120112135
7001 | 6001 | DATA | 4 | 20221120112135
6001 | 7001 | DATA | 4 | 20221120112137
7001 | 6001 | DATA | 4 | 20221120112137
6001 | 7001 | DATA | 4 | 20221120112139
7001 | 6001 | DATA | 4 | 20221120112139
6001 | 7001 | DATA | 4 | 20221120112141
7001 | 6001 | DATA | 4 | 20221120112141
6001 | 7001 | DATA | 4 | 20221120112143
7001 | 6001 | DATA | 4 | 20221120112143
6001 | 7001 | DATA | 4 | 20221120112145
7001 | 6001 | DATA | 4 | 20221120112145
6001 | 7001 | DATA | 4 | 20221120112147
7001 | 6001 | DATA | 4 | 20221120112147
6001 | 7001 | DATA | 4 | 20221120112149
7001 | 6001 | DATA | 4 | 20221120112149
6001 | 7001 | DATA | 4 | 20221120112151
7001 | 6001 | DATA | 4 | 20221120112151
6001 | 7001 | DATA | 4 | 20221120112153
7001 | 6001 | DATA | 4 | 20221120112153
6001 | 7001 | DATA | 4 | 20221120112155
7001 | 6001 | DATA | 4 | 20221120112155
6001 | 7001 | DATA | 4 | 20221120112157
7001 | 6001 | DATA | 4 | 20221120112157
6001 | 7001 | DATA | 4 | 20221120112159
7001 | 6001 | DATA | 4 | 20221120112159
6001 | 7001 | DATA | 4 | 20221120112201
7001 | 6001 | DATA | 4 | 20221120112201
6001 | 7001 | DATA | 4 | 20221120112203
7001 | 6001 | DATA | 4 | 20221120112203
6001 | 7001 | DATA | 4 | 20221120112205
7001 | 6001 | DATA | 4 | 20221120112205
6001 | 7001 | DATA | 4 | 20221120112207
7001 | 6001 | DATA | 4 | 20221120112207
6001 | 7001 | DATA | 4 | 20221120112209
7001 | 6001 | DATA | 4 | 20221120112209
6001 | 7001 | DATA | 4 | 20221120112211
7001 | 6001 | DATA | 4 | 20221120112211
6001 | 7001 | DATA | 4 | 20221120112213
7001 | 6001 | DATA | 4 | 20221120112213
6001 | 7001 | DATA | 4 | 20221120112215
7001 | 6001 | DATA | 4 | 20221120112215
6001 | 7001 | DATA | 4 | 20221120112217
7001 | 6001 | DATA | 4 | 20221120112217
6001 | 7001 | DATA | 4 | 20221120112219
7001 | 6001 | DATA | 4 | 20221120112219
6001 | 7001 | DATA | 4 | 20221120112221
7001 | 6001 | DATA | 4 | 20221120112221
6001 | 7001 | DATA | 4 | 20221120112223
7001 | 6001 | DATA | 4 | 20221120112223
6001 | 7001 | DATA | 4 | 20221120112225
7001 | 6001 | DATA | 4 | 20221120112225
6001 | 7001 | DATA | 4 | 20221120112227
7001 | 6001 | DATA | 4 | 20221120112227
6001 | 7001 | DATA | 4 | 20221120112229
7001 | 6001 | DATA | 4 | 20221120112229
6001 | 7001 | DATA | 4 | 20221120112231
7001 | 6001 | DATA | 4 | 20221120112231
6001 | 7001 | DATA | 4 | 20221120112233
7001 | 6001 | DATA | 4 | 20221120112233
6001 | 7001 | DATA | 4 | 20221120112235
7001 | 6001 | DATA | 4 | 20221120112235
6001 | 7001 | DATA | 4 | 20221120112237
7001 | 6001 | DATA | 4 | 20221120112237
6001 | 7001 | DATA | 4 | 20221120112239
7001 | 6001 | DATA | 4 | 20221120112239
6001 | 7001 | DATA | 4 | 20221120112241
7001 | 6001 | DATA | 4 | 20221120112241
6001 | 7001 | DATA | 4 | 20221120112243
7001 | 6001 | DATA | 4 | 20221120112243
6001 | 7001 | DATA | 4 | 20221120112245
7001 | 6001 | DATA | 4 | 20221120112245
6001 | 7001 | DATA | 4 | 20221120112247
7001 | 6001 | DATA | 4 | 20221120112247
6001 | 7001 | DATA | 4 | 20221120112249
7001 | 6001 | DATA | 4 | 20221120112249
6001 | 7001 | DATA | 4 | 20221120112251
7001 | 6001 | DATA | 4 | 20221120112251
6001 | 7001 | DATA | 4 | 20221120112253
7001 | 6001 | DATA | 4 | 20221120112253
6001 | 7001 | DATA | 4 | 20221120112255
7001 | 6001 | DATA | 4 | 20221120112255
6001 | 7001 | DATA | 4 | 20221120112257
7001 | 6001 | DATA | 4 | 20221120112257
6001 | 7001 | DATA | 4 | 20221120112259
7001 | 6001 | DATA | 4 | 20221120112259
6001 | 7001 | DATA | 4 | 20221120112301
7001 | 6001 | DATA | 4 | 20221120112301
6001 | 7001 | DATA | 4 | 20221120112303
7001 | 6001 | DATA | 4 | 20221120112303
6001 | 7001 | DATA | 4 | 20221120112305
7001 | 6001 | DATA | 4 | 20221120112305
6001 | 7001 | DATA | 4 | 20221120112307
7001 | 6001 | DATA | 4 | 20221120112307
6001 | 7001 | DATA | 4 | 20221120112309
7001 | 6001 | DATA | 4 | 20221120112309
6001 | 7001 | DATA | 4 | 20221120112311
7001 | 6001 | DATA | 4 | 20221120112311
6001 | 7001 | DATA | 4 | 20221120112313
7001 | 6001 | DATA | 4 | 20221120112313
6001 | 7001 | DATA | 4 | 20221120112315
7001 | 6001 | DATA | 4 | 20221120112315
6001 | 7001 | DATA | 4 | 20221120112317
7001 | 6001 | DATA | 4 | 20221120112317
6001 | 7001 | DATA | 4 | 20221120112319
7001 | 6001 | DATA | 4 | 20221120112319
6001 | 7001 | DATA | 4 | 20221120112321
7001 | 6001 | DATA | 4 | 20221120112321
6001 | 7001 | DATA | 4 | 20221120112323
7001 | 6001 | DATA | 4 | 20221120112323
6001 | 7001 | DATA | 4 | 20221120112325
7001 | 6001 | DATA | 4 | 20221120112325
6001 | 7001 | DATA | 4 | 20221120112327
7001 | 6001 | DATA | 4 | 20221120112327
6001 | 7001 | DATA | 4 | 20221120112329
7001 | 6001 | DATA | 4 | 20221120112329
6001 | 7001 | DATA | 4 | 20221120112331
7001 | 6001 | DATA | 4 | 20221120112331
6001 | 7001 | DATA | 4 | 20221120112333
7001 | 6001 | DATA | 4 | 20221120112333
6001 | 7001 | DATA | 4 | 20221120112335
7001 | 6001 | DATA | 4 | 20221120112335
6001 | 7001 | DATA | 4 | 20221120112337
7001 | 6001 | DATA | 4 | 20221120112337
6001 | 7001 | DATA | 4 | 20221120112339
7001 | 6001 | DATA | 4 | 20221120112339
6001 | 7001 | DATA | 4 | 20221120112341
7001 | 6001 | DATA | 4 | 20221120112341
6001 | 7001 | DATA | 4 | 20221120112343
7001 | 6001 | DATA | 4 | 20221120112343
6001 | 7001 | DATA | 4 | 20221120112345
7001 | 6001 | DATA | 4 | 20221120112345
6001 | 7001 | DATA | 4 | 20221120112347
7001 | 6001 | DATA | 4 | 20221120112347
6001 | 7001 | DATA | 4 | 20221120112349
7001 | 6001 | DATA | 4 | 20221120112349
6001 | 7001 | DATA | 4 | 20221120112351
7001 | 6001 | DATA | 4 | 20221120112351
6001 | 7001 | DATA | 4 | 20221120112353
7001 | 6001 | DATA | 4 | 20221120112353
6001 | 7001 | DATA | 4 | 20221120112355
7001 | 6001 | DATA | 4 | 20221120112355
6001 | 7001 | DATA | 4 | 20221120112357
7001 | 6001 | DATA | 4 | 20221120112357
6001 | 7001 | DATA | 4 | 20221120112359
7001 | 6001 | DATA | 4 | 20221120112359
6001 | 7001 | DATA | 4 | 20221120112401
7001 | 6001 | DATA | 4 | 20221120112401
6001 | 7001 | DATA | 4 | 20221120112403
7001 | 6001 | DATA | 4 | 20221120112403
6001 | 7001 | DATA | 4 | 20221120112405
7001 | 6001 | DATA | 4 | 20221120112405
6001 | 7001 | DATA | 4 | 20221120112407
7001 | 6001 | DATA | 4 | 20221120112407
6001 | 7001 | FIN | 0 | 20221120112408
7001 | 6001 | ACK | 0 | 20221120112408
