60786 | 5001 | SYN | 31 | 1000 | 20221121195826569823
35070 | 42086 | ACK/SYN | 31 | 20000 | 20221121195826570255
48412 | 5001 | ACK | 31 | 1000 | 20221121195826570505
48412 | 35070 | DATA | 1000 | 1000 | 20221121195826571003
35070 | 48412 | ACK | 31 | 20000 | 20221121195826571220
48412 | 35070 | DATA | 1000 | 2000 | 20221121195826571789
48412 | 35070 | DATA | 1000 | 2000 | 20221121195826571995
35070 | 48412 | ACK | 31 | 20000 | 20221121195826572053
35070 | 48412 | ACK | 31 | 20000 | 20221121195826572534
48412 | 35070 | DATA | 1000 | 4000 | 20221121195826573518
48412 | 35070 | DATA | 1000 | 4000 | 20221121195826573671
35070 | 48412 | ACK | 31 | 20000 | 20221121195826573786
35070 | 48412 | ACK | 31 | 20000 | 20221121195826574152
48412 | 35070 | DATA | 1000 | 4000 | 20221121195826574063
48412 | 35070 | DATA | 1000 | 4000 | 20221121195826574462
35070 | 48412 | ACK | 31 | 20000 | 20221121195826574582
35070 | 48412 | ACK | 31 | 20000 | 20221121195826574711
48412 | 35070 | DATA | 1000 | 8000 | 20221121195826575220
48412 | 35070 | DATA | 1000 | 8000 | 20221121195826575465
35070 | 48412 | ACK | 31 | 20000 | 20221121195826576027
48412 | 35070 | DATA | 1000 | 8000 | 20221121195826575876
35070 | 48412 | ACK | 31 | 20000 | 20221121195826576189
48412 | 35070 | DATA | 1000 | 8000 | 20221121195826576388
35070 | 48412 | ACK | 31 | 20000 | 20221121195826576861
48412 | 35070 | DATA | 1000 | 8000 | 20221121195826576641
35070 | 48412 | ACK | 31 | 20000 | 20221121195826576927
48412 | 35070 | DATA | 1000 | 8000 | 20221121195826577312
35070 | 48412 | ACK | 31 | 20000 | 20221121195826577743
35070 | 48412 | ACK | 31 | 20000 | 20221121195826577495
48412 | 35070 | DATA | 1000 | 8000 | 20221121195826577765
48412 | 35070 | DATA | 1000 | 8000 | 20221121195826578061
35070 | 48412 | ACK | 31 | 20000 | 20221121195826578102
48412 | 35070 | DATA | 1000 | 8000 | 20221121195826580349
35070 | 48412 | ACK | 31 | 20000 | 20221121195826580446
48412 | 35070 | DATA | 1000 | 1000 | 20221121195826580751
35070 | 48412 | ACK | 31 | 20000 | 20221121195826580844
48412 | 35070 | DATA | 1000 | 2000 | 20221121195826581229
48412 | 35070 | DATA | 1000 | 2000 | 20221121195826581301
35070 | 48412 | ACK | 31 | 20000 | 20221121195826581389
35070 | 48412 | ACK | 31 | 20000 | 20221121195826581510
48412 | 35070 | DATA | 1000 | 4000 | 20221121195826581897
48412 | 35070 | DATA | 1000 | 4000 | 20221121195826582046
35070 | 48412 | ACK | 31 | 20000 | 20221121195826582232
35070 | 48412 | ACK | 31 | 20000 | 20221121195826582268
48412 | 35070 | DATA | 1000 | 4000 | 20221121195826582477
48412 | 35070 | DATA | 1000 | 4000 | 20221121195826582631
35070 | 48412 | ACK | 31 | 20000 | 20221121195826582824
35070 | 48412 | ACK | 31 | 20000 | 20221121195826582865
48412 | 35070 | DATA | 1000 | 5000 | 20221121195826583584
48412 | 35070 | DATA | 1000 | 5000 | 20221121195826583642
35070 | 48412 | ACK | 31 | 20000 | 20221121195826583855
48412 | 35070 | DATA | 1000 | 5000 | 20221121195826583961
35070 | 48412 | ACK | 31 | 20000 | 20221121195826584045
48412 | 35070 | DATA | 1000 | 5000 | 20221121195826584135
35070 | 48412 | ACK | 31 | 20000 | 20221121195826584434
35070 | 48412 | ACK | 31 | 20000 | 20221121195826584539
48412 | 35070 | DATA | 1000 | 5000 | 20221121195826584692
35070 | 48412 | ACK | 31 | 20000 | 20221121195826584869
48412 | 35070 | DATA | 1000 | 6000 | 20221121195826585248
48412 | 35070 | DATA | 1000 | 6000 | 20221121195826585662
35070 | 48412 | ACK | 31 | 20000 | 20221121195826585537
48412 | 35070 | DATA | 1000 | 6000 | 20221121195826585726
35070 | 48412 | ACK | 31 | 20000 | 20221121195826586338
35070 | 48412 | ACK | 31 | 20000 | 20221121195826586368
48412 | 35070 | DATA | 1000 | 6000 | 20221121195826586591
48412 | 35070 | DATA | 1000 | 6000 | 20221121195826586736
35070 | 48412 | ACK | 31 | 20000 | 20221121195826586910
35070 | 48412 | ACK | 31 | 20000 | 20221121195826587032
48412 | 35070 | DATA | 1000 | 6000 | 20221121195826587207
35070 | 48412 | ACK | 31 | 20000 | 20221121195826587334
48412 | 35070 | DATA | 1000 | 7000 | 20221121195826587903
48412 | 35070 | DATA | 1000 | 7000 | 20221121195826587775
35070 | 48412 | ACK | 31 | 20000 | 20221121195826588380
48412 | 35070 | DATA | 1000 | 7000 | 20221121195826588407
35070 | 48412 | ACK | 31 | 20000 | 20221121195826588453
48412 | 35070 | DATA | 1000 | 7000 | 20221121195826588651
35070 | 48412 | ACK | 31 | 20000 | 20221121195826589011
35070 | 48412 | ACK | 31 | 20000 | 20221121195826589294
48412 | 35070 | DATA | 1000 | 7000 | 20221121195826589196
48412 | 35070 | DATA | 1000 | 7000 | 20221121195826589319
35070 | 48412 | ACK | 31 | 20000 | 20221121195826589683
35070 | 48412 | ACK | 31 | 20000 | 20221121195826589708
48412 | 35070 | DATA | 1000 | 7000 | 20221121195826589906
35070 | 48412 | ACK | 31 | 20000 | 20221121195826590062
48412 | 35070 | DATA | 1000 | 8000 | 20221121195826590491
48412 | 35070 | DATA | 1000 | 8000 | 20221121195826590840
35070 | 48412 | ACK | 31 | 20000 | 20221121195826590780
48412 | 35070 | DATA | 1000 | 8000 | 20221121195826591123
48412 | 35070 | DATA | 1000 | 8000 | 20221121195826591237
35070 | 48412 | ACK | 31 | 20000 | 20221121195826591347
35070 | 48412 | ACK | 31 | 20000 | 20221121195826591433
35070 | 48412 | ACK | 31 | 20000 | 20221121195826591867
48412 | 35070 | DATA | 1000 | 8000 | 20221121195826591818
35070 | 48412 | ACK | 31 | 20000 | 20221121195826592310
48412 | 35070 | DATA | 1000 | 8000 | 20221121195826592239
48412 | 35070 | DATA | 1000 | 8000 | 20221121195826592659
35070 | 48412 | ACK | 31 | 20000 | 20221121195826592854
48412 | 35070 | DATA | 1000 | 8000 | 20221121195826592828
35070 | 48412 | ACK | 31 | 20000 | 20221121195826592953
35070 | 48412 | ACK | 31 | 20000 | 20221121195826593040
48412 | 35070 | DATA | 1000 | 9000 | 20221121195826595376
48412 | 35070 | DATA | 1000 | 9000 | 20221121195826595752
35070 | 48412 | ACK | 31 | 20000 | 20221121195826595856
48412 | 35070 | DATA | 1000 | 9000 | 20221121195826596025
35070 | 48412 | ACK | 31 | 20000 | 20221121195826596424
35070 | 48412 | ACK | 31 | 20000 | 20221121195826596472
48412 | 35070 | DATA | 1000 | 9000 | 20221121195826596799
48412 | 35070 | DATA | 1000 | 9000 | 20221121195826596910
35070 | 48412 | ACK | 31 | 20000 | 20221121195826597117
35070 | 48412 | ACK | 31 | 20000 | 20221121195826597373
48412 | 35070 | DATA | 1000 | 9000 | 20221121195826597431
48412 | 35070 | DATA | 1000 | 9000 | 20221121195826597856
48412 | 35070 | DATA | 1000 | 9000 | 20221121195826598152
35070 | 48412 | ACK | 31 | 20000 | 20221121195826598235
35070 | 48412 | ACK | 31 | 20000 | 20221121195826598082
48412 | 35070 | DATA | 1000 | 9000 | 20221121195826598394
35070 | 48412 | ACK | 31 | 20000 | 20221121195826598595
35070 | 48412 | ACK | 31 | 20000 | 20221121195826598692
48412 | 35070 | DATA | 1000 | 10000 | 20221121195826599265
48412 | 35070 | DATA | 1000 | 10000 | 20221121195826599509
35070 | 48412 | ACK | 31 | 20000 | 20221121195826599659
48412 | 35070 | DATA | 1000 | 10000 | 20221121195826599837
35070 | 48412 | ACK | 31 | 20000 | 20221121195826599961
48412 | 35070 | DATA | 1000 | 10000 | 20221121195826600143
35070 | 48412 | ACK | 31 | 20000 | 20221121195826600247
35070 | 48412 | ACK | 31 | 20000 | 20221121195826600561
48412 | 35070 | DATA | 1000 | 10000 | 20221121195826600662
48412 | 35070 | DATA | 1000 | 10000 | 20221121195826601171
35070 | 48412 | ACK | 31 | 20000 | 20221121195826601195
48412 | 35070 | DATA | 1000 | 10000 | 20221121195826601557
35070 | 48412 | ACK | 31 | 20000 | 20221121195826601536
35070 | 48412 | ACK | 31 | 20000 | 20221121195826601866
48412 | 35070 | DATA | 1000 | 10000 | 20221121195826601981
48412 | 35070 | DATA | 1000 | 10000 | 20221121195826602264
35070 | 48412 | ACK | 31 | 20000 | 20221121195826602335
35070 | 48412 | ACK | 31 | 20000 | 20221121195826602533
48412 | 35070 | DATA | 1000 | 10000 | 20221121195826602609
35070 | 48412 | ACK | 31 | 20000 | 20221121195826602793
48412 | 35070 | DATA | 1000 | 11000 | 20221121195826603211
35070 | 48412 | ACK | 31 | 20000 | 20221121195826603665
48412 | 35070 | DATA | 1000 | 11000 | 20221121195826603438
48412 | 35070 | DATA | 1000 | 11000 | 20221121195826603629
35070 | 48412 | ACK | 31 | 20000 | 20221121195826604115
48412 | 35070 | DATA | 1000 | 11000 | 20221121195826604235
35070 | 48412 | ACK | 31 | 20000 | 20221121195826604428
48412 | 35070 | DATA | 1000 | 11000 | 20221121195826604495
35070 | 48412 | ACK | 31 | 20000 | 20221121195826604841
35070 | 48412 | ACK | 31 | 20000 | 20221121195826605030
48412 | 35070 | DATA | 1000 | 11000 | 20221121195826605078
48412 | 35070 | DATA | 1000 | 11000 | 20221121195826605239
35070 | 48412 | ACK | 31 | 20000 | 20221121195826605627
48412 | 35070 | DATA | 1000 | 11000 | 20221121195826605780
35070 | 48412 | ACK | 31 | 20000 | 20221121195826605710
35070 | 48412 | ACK | 31 | 20000 | 20221121195826606248
48412 | 35070 | DATA | 1000 | 11000 | 20221121195826606148
35070 | 48412 | ACK | 31 | 20000 | 20221121195826606600
48412 | 35070 | DATA | 1000 | 11000 | 20221121195826606508
48412 | 35070 | DATA | 1000 | 11000 | 20221121195826606693
35070 | 48412 | ACK | 31 | 20000 | 20221121195826606852
35070 | 48412 | ACK | 31 | 20000 | 20221121195826607044
48412 | 35070 | DATA | 1000 | 12000 | 20221121195826607502
48412 | 35070 | DATA | 1000 | 12000 | 20221121195826607646
35070 | 48412 | ACK | 31 | 20000 | 20221121195826608070
48412 | 35070 | DATA | 1000 | 12000 | 20221121195826607966
35070 | 48412 | ACK | 31 | 20000 | 20221121195826607991
48412 | 35070 | DATA | 1000 | 12000 | 20221121195826608172
35070 | 48412 | ACK | 31 | 20000 | 20221121195826608748
35070 | 48412 | ACK | 31 | 20000 | 20221121195826608790
48412 | 35070 | DATA | 1000 | 12000 | 20221121195826609083
48412 | 35070 | DATA | 1000 | 12000 | 20221121195826609167
35070 | 48412 | ACK | 31 | 20000 | 20221121195826609412
48412 | 35070 | DATA | 1000 | 12000 | 20221121195826609727
35070 | 48412 | ACK | 31 | 20000 | 20221121195826609688
48412 | 35070 | DATA | 1000 | 12000 | 20221121195826610072
35070 | 48412 | ACK | 31 | 20000 | 20221121195826610138
48412 | 35070 | DATA | 1000 | 12000 | 20221121195826610476
35070 | 48412 | ACK | 31 | 20000 | 20221121195826610529
48412 | 35070 | DATA | 1000 | 12000 | 20221121195826610847
48412 | 35070 | DATA | 1000 | 12000 | 20221121195826611204
35070 | 48412 | ACK | 31 | 20000 | 20221121195826611255
48412 | 35070 | DATA | 1000 | 12000 | 20221121195826611292
35070 | 48412 | ACK | 31 | 20000 | 20221121195826611104
35070 | 48412 | ACK | 31 | 20000 | 20221121195826611548
35070 | 48412 | ACK | 31 | 20000 | 20221121195826611490
48412 | 35070 | DATA | 1000 | 13000 | 20221121195826612173
35070 | 48412 | ACK | 31 | 20000 | 20221121195826612560
48412 | 35070 | DATA | 1000 | 13000 | 20221121195826612630
48412 | 35070 | DATA | 1000 | 13000 | 20221121195826612502
48412 | 35070 | DATA | 1000 | 13000 | 20221121195826612948
35070 | 48412 | ACK | 31 | 20000 | 20221121195826613117
35070 | 48412 | ACK | 31 | 20000 | 20221121195826613088
48412 | 35070 | DATA | 1000 | 13000 | 20221121195826613495
35070 | 48412 | ACK | 31 | 20000 | 20221121195826613577
48412 | 35070 | DATA | 1000 | 13000 | 20221121195826613671
35070 | 48412 | ACK | 31 | 20000 | 20221121195826613969
35070 | 48412 | ACK | 31 | 20000 | 20221121195826614094
48412 | 35070 | DATA | 1000 | 13000 | 20221121195826614625
48412 | 35070 | DATA | 1000 | 13000 | 20221121195826614722
48412 | 35070 | DATA | 1000 | 13000 | 20221121195826614938
35070 | 48412 | ACK | 31 | 20000 | 20221121195826615013
35070 | 48412 | ACK | 31 | 20000 | 20221121195826615069
48412 | 35070 | DATA | 1000 | 13000 | 20221121195826615389
35070 | 48412 | ACK | 31 | 20000 | 20221121195826615488
35070 | 48412 | ACK | 31 | 20000 | 20221121195826615811
48412 | 35070 | DATA | 1000 | 13000 | 20221121195826615978
48412 | 35070 | DATA | 1000 | 13000 | 20221121195826616267
35070 | 48412 | ACK | 31 | 20000 | 20221121195826616326
48412 | 35070 | DATA | 1000 | 13000 | 20221121195826616453
35070 | 48412 | ACK | 31 | 20000 | 20221121195826616492
35070 | 48412 | ACK | 31 | 20000 | 20221121195826616631
48412 | 35070 | DATA | 1000 | 14000 | 20221121195826617127
48412 | 35070 | DATA | 1000 | 14000 | 20221121195826617238
35070 | 48412 | ACK | 31 | 20000 | 20221121195826617521
48412 | 35070 | DATA | 1000 | 14000 | 20221121195826617639
35070 | 48412 | ACK | 31 | 20000 | 20221121195826617696
35070 | 48412 | ACK | 31 | 20000 | 20221121195826618194
48412 | 35070 | DATA | 1000 | 14000 | 20221121195826618372
48412 | 35070 | DATA | 1000 | 14000 | 20221121195826618465
35070 | 48412 | ACK | 31 | 20000 | 20221121195826618539
35070 | 48412 | ACK | 31 | 20000 | 20221121195826618823
48412 | 35070 | DATA | 1000 | 14000 | 20221121195826618913
35070 | 48412 | ACK | 31 | 20000 | 20221121195826619165
48412 | 35070 | DATA | 1000 | 14000 | 20221121195826619300
35070 | 48412 | ACK | 31 | 20000 | 20221121195826619616
48412 | 35070 | DATA | 1000 | 14000 | 20221121195826619644
48412 | 35070 | DATA | 1000 | 14000 | 20221121195826620208
35070 | 48412 | ACK | 31 | 20000 | 20221121195826620110
48412 | 35070 | DATA | 1000 | 14000 | 20221121195826620354
35070 | 48412 | ACK | 31 | 20000 | 20221121195826620512
35070 | 48412 | ACK | 31 | 20000 | 20221121195826620815
48412 | 35070 | DATA | 1000 | 14000 | 20221121195826621015
48412 | 35070 | DATA | 1000 | 14000 | 20221121195826621122
48412 | 35070 | DATA | 1000 | 14000 | 20221121195826621591
35070 | 48412 | ACK | 31 | 20000 | 20221121195826621542
35070 | 48412 | ACK | 31 | 20000 | 20221121195826621568
48412 | 35070 | DATA | 1000 | 14000 | 20221121195826621847
35070 | 48412 | ACK | 31 | 20000 | 20221121195826621780
35070 | 48412 | ACK | 31 | 20000 | 20221121195826622102
48412 | 35070 | DATA | 1000 | 15000 | 20221121195826622535
48412 | 35070 | DATA | 1000 | 15000 | 20221121195826622733
48412 | 35070 | DATA | 1000 | 15000 | 20221121195826622956
35070 | 48412 | ACK | 31 | 20000 | 20221121195826623106
35070 | 48412 | ACK | 31 | 20000 | 20221121195826623138
35070 | 48412 | ACK | 31 | 20000 | 20221121195826623296
48412 | 35070 | DATA | 1000 | 15000 | 20221121195826623462
48412 | 35070 | DATA | 1000 | 15000 | 20221121195826623735
35070 | 48412 | ACK | 31 | 20000 | 20221121195826624090
35070 | 48412 | ACK | 31 | 20000 | 20221121195826624065
48412 | 35070 | DATA | 1000 | 15000 | 20221121195826624321
48412 | 35070 | DATA | 1000 | 15000 | 20221121195826624727
35070 | 48412 | ACK | 31 | 20000 | 20221121195826624799
48412 | 35070 | DATA | 1000 | 15000 | 20221121195826624975
35070 | 48412 | ACK | 31 | 20000 | 20221121195826625136
35070 | 48412 | ACK | 31 | 20000 | 20221121195826625475
48412 | 35070 | DATA | 1000 | 15000 | 20221121195826625541
35070 | 48412 | ACK | 31 | 20000 | 20221121195826625949
48412 | 35070 | DATA | 1000 | 15000 | 20221121195826626236
48412 | 35070 | DATA | 1000 | 15000 | 20221121195826626431
35070 | 48412 | ACK | 31 | 20000 | 20221121195826626507
48412 | 35070 | DATA | 1000 | 15000 | 20221121195826626629
35070 | 48412 | ACK | 31 | 20000 | 20221121195826626848
48412 | 35070 | DATA | 1000 | 15000 | 20221121195826626952
35070 | 48412 | ACK | 31 | 20000 | 20221121195826627071
35070 | 48412 | ACK | 31 | 20000 | 20221121195826627465
48412 | 35070 | DATA | 1000 | 15000 | 20221121195826627504
48412 | 35070 | DATA | 1000 | 15000 | 20221121195826627669
35070 | 48412 | ACK | 31 | 20000 | 20221121195826627831
35070 | 48412 | ACK | 31 | 20000 | 20221121195826627856
48412 | 35070 | DATA | 1000 | 16000 | 20221121195826628579
48412 | 35070 | DATA | 1000 | 16000 | 20221121195826628505
48412 | 35070 | DATA | 1000 | 16000 | 20221121195826628858
35070 | 48412 | ACK | 31 | 20000 | 20221121195826628940
35070 | 48412 | ACK | 31 | 20000 | 20221121195826628975
35070 | 48412 | ACK | 31 | 20000 | 20221121195826629409
48412 | 35070 | DATA | 1000 | 16000 | 20221121195826629330
35070 | 48412 | ACK | 31 | 20000 | 20221121195826629848
48412 | 35070 | DATA | 1000 | 16000 | 20221121195826629822
35070 | 48412 | ACK | 31 | 20000 | 20221121195826630120
48412 | 35070 | DATA | 1000 | 16000 | 20221121195826630265
35070 | 48412 | ACK | 31 | 20000 | 20221121195826630747
48412 | 35070 | DATA | 1000 | 16000 | 20221121195826630881
48412 | 35070 | DATA | 1000 | 16000 | 20221121195826631030
48412 | 35070 | DATA | 1000 | 16000 | 20221121195826631464
35070 | 48412 | ACK | 31 | 20000 | 20221121195826631401
35070 | 48412 | ACK | 31 | 20000 | 20221121195826631490
48412 | 35070 | DATA | 1000 | 16000 | 20221121195826631688
48412 | 35070 | DATA | 1000 | 16000 | 20221121195826631947
35070 | 48412 | ACK | 31 | 20000 | 20221121195826632140
35070 | 48412 | ACK | 31 | 20000 | 20221121195826632372
48412 | 35070 | DATA | 1000 | 16000 | 20221121195826632629
35070 | 48412 | ACK | 31 | 20000 | 20221121195826632403
35070 | 48412 | ACK | 31 | 20000 | 20221121195826633060
48412 | 35070 | DATA | 1000 | 16000 | 20221121195826633302
48412 | 35070 | DATA | 1000 | 16000 | 20221121195826633449
35070 | 48412 | ACK | 31 | 20000 | 20221121195826633538
48412 | 35070 | DATA | 1000 | 16000 | 20221121195826633696
35070 | 48412 | ACK | 31 | 20000 | 20221121195826633776
35070 | 48412 | ACK | 31 | 20000 | 20221121195826634101
48412 | 35070 | DATA | 1000 | 16000 | 20221121195826634218
35070 | 48412 | ACK | 31 | 20000 | 20221121195826634353
48412 | 35070 | DATA | 1000 | 17000 | 20221121195826634763
35070 | 48412 | ACK | 31 | 20000 | 20221121195826635003
48412 | 35070 | DATA | 1000 | 17000 | 20221121195826634979
48412 | 35070 | DATA | 1000 | 17000 | 20221121195826635292
35070 | 48412 | ACK | 31 | 20000 | 20221121195826635440
35070 | 48412 | ACK | 31 | 20000 | 20221121195826635699
48412 | 35070 | DATA | 1000 | 17000 | 20221121195826635672
35070 | 48412 | ACK | 31 | 20000 | 20221121195826636099
48412 | 35070 | DATA | 1000 | 17000 | 20221121195826636185
48412 | 35070 | DATA | 1000 | 17000 | 20221121195826636434
35070 | 48412 | ACK | 31 | 20000 | 20221121195826636551
48412 | 35070 | DATA | 1000 | 17000 | 20221121195826636814
35070 | 48412 | ACK | 31 | 20000 | 20221121195826636845
48412 | 35070 | DATA | 1000 | 17000 | 20221121195826637168
35070 | 48412 | ACK | 31 | 20000 | 20221121195826637362
48412 | 35070 | DATA | 956 | 17000 | 20221121195826637493
35070 | 48412 | ACK | 31 | 20000 | 20221121195826637532
35070 | 48412 | ACK | 31 | 20000 | 20221121195826637775
48412 | 35070 | FIN | 31 | 17000 | 20221121195826637824
35070 | 48412 | ACK | 31 | 20000 | 20221121195826638029
55961 | 5001 | SYN | 31 | 1000 | 20221121195719798140
53966 | 48590 | ACK/SYN | 31 | 20000 | 20221121195719798688
36355 | 5001 | ACK | 31 | 1000 | 20221121195719798898
36355 | 53966 | DATA | 1000 | 1000 | 20221121195719799324
53966 | 36355 | ACK | 31 | 20000 | 20221121195719799658
36355 | 53966 | DATA | 1000 | 2000 | 20221121195719800328
36355 | 53966 | DATA | 1000 | 2000 | 20221121195719800421
53966 | 36355 | ACK | 31 | 20000 | 20221121195719800511
53966 | 36355 | ACK | 31 | 20000 | 20221121195719800632
36355 | 53966 | DATA | 1000 | 4000 | 20221121195719801280
36355 | 53966 | DATA | 1000 | 4000 | 20221121195719801534
53966 | 36355 | ACK | 31 | 20000 | 20221121195719801562
36355 | 53966 | DATA | 1000 | 4000 | 20221121195719801924
53966 | 36355 | ACK | 31 | 20000 | 20221121195719802042
36355 | 53966 | DATA | 1000 | 4000 | 20221121195719802332
53966 | 36355 | ACK | 31 | 20000 | 20221121195719802435
53966 | 36355 | ACK | 31 | 20000 | 20221121195719802550
36355 | 53966 | DATA | 1000 | 8000 | 20221121195719803307
36355 | 53966 | DATA | 1000 | 8000 | 20221121195719803427
53966 | 36355 | ACK | 31 | 20000 | 20221121195719803535
36355 | 53966 | DATA | 1000 | 8000 | 20221121195719803854
53966 | 36355 | ACK | 31 | 20000 | 20221121195719803980
36355 | 53966 | DATA | 1000 | 8000 | 20221121195719804418
53966 | 36355 | ACK | 31 | 20000 | 20221121195719804569
36355 | 53966 | DATA | 1000 | 8000 | 20221121195719804791
53966 | 36355 | ACK | 31 | 20000 | 20221121195719805102
53966 | 36355 | ACK | 31 | 20000 | 20221121195719805443
36355 | 53966 | DATA | 1000 | 8000 | 20221121195719805789
36355 | 53966 | DATA | 1000 | 8000 | 20221121195719805829
36355 | 53966 | DATA | 1000 | 8000 | 20221121195719805933
53966 | 36355 | ACK | 31 | 20000 | 20221121195719806270
53966 | 36355 | ACK | 31 | 20000 | 20221121195719806205
53966 | 36355 | ACK | 31 | 20000 | 20221121195719806388
36355 | 53966 | DATA | 1000 | 16000 | 20221121195719807180
36355 | 53966 | DATA | 1000 | 16000 | 20221121195719807094
53966 | 36355 | ACK | 31 | 20000 | 20221121195719807432
53966 | 36355 | ACK | 31 | 20000 | 20221121195719807666
36355 | 53966 | DATA | 1000 | 16000 | 20221121195719807812
53966 | 36355 | ACK | 31 | 20000 | 20221121195719808218
36355 | 53966 | DATA | 1000 | 16000 | 20221121195719808548
36355 | 53966 | DATA | 1000 | 16000 | 20221121195719808891
36355 | 53966 | DATA | 1000 | 16000 | 20221121195719808772
53966 | 36355 | ACK | 31 | 20000 | 20221121195719808965
53966 | 36355 | ACK | 31 | 20000 | 20221121195719809306
36355 | 53966 | DATA | 1000 | 16000 | 20221121195719809349
53966 | 36355 | ACK | 31 | 20000 | 20221121195719809681
36355 | 53966 | DATA | 1000 | 16000 | 20221121195719809714
53966 | 36355 | ACK | 31 | 20000 | 20221121195719810020
53966 | 36355 | ACK | 31 | 20000 | 20221121195719810486
36355 | 53966 | DATA | 1000 | 16000 | 20221121195719811091
53966 | 36355 | ACK | 31 | 20000 | 20221121195719811342
36355 | 53966 | DATA | 1000 | 16000 | 20221121195719811582
53966 | 36355 | ACK | 31 | 20000 | 20221121195719811920
36355 | 53966 | DATA | 1000 | 16000 | 20221121195719811945
36355 | 53966 | DATA | 1000 | 16000 | 20221121195719812201
36355 | 53966 | DATA | 1000 | 16000 | 20221121195719812310
53966 | 36355 | ACK | 31 | 20000 | 20221121195719812337
53966 | 36355 | ACK | 31 | 20000 | 20221121195719812618
53966 | 36355 | ACK | 31 | 20000 | 20221121195719813017
36355 | 53966 | DATA | 1000 | 16000 | 20221121195719813721
36355 | 53966 | DATA | 1000 | 16000 | 20221121195719813787
36355 | 53966 | DATA | 1000 | 16000 | 20221121195719813854
53966 | 36355 | ACK | 31 | 20000 | 20221121195719813986
53966 | 36355 | ACK | 31 | 20000 | 20221121195719814132
53966 | 36355 | ACK | 31 | 20000 | 20221121195719814157
36355 | 53966 | DATA | 1000 | 17000 | 20221121195719814809
36355 | 53966 | DATA | 1000 | 17000 | 20221121195719815081
53966 | 36355 | ACK | 31 | 20000 | 20221121195719815115
53966 | 36355 | ACK | 31 | 20000 | 20221121195719815488
36355 | 53966 | DATA | 1000 | 17000 | 20221121195719815702
53966 | 36355 | ACK | 31 | 20000 | 20221121195719816097
36355 | 53966 | DATA | 1000 | 17000 | 20221121195719816177
36355 | 53966 | DATA | 1000 | 17000 | 20221121195719816729
53966 | 36355 | ACK | 31 | 20000 | 20221121195719816773
36355 | 53966 | DATA | 1000 | 17000 | 20221121195719816998
53966 | 36355 | ACK | 31 | 20000 | 20221121195719817111
36355 | 53966 | DATA | 1000 | 17000 | 20221121195719817141
53966 | 36355 | ACK | 31 | 20000 | 20221121195719817419
53966 | 36355 | ACK | 31 | 20000 | 20221121195719817834
36355 | 53966 | DATA | 1000 | 17000 | 20221121195719818175
36355 | 53966 | DATA | 1000 | 17000 | 20221121195719818646
53966 | 36355 | ACK | 31 | 20000 | 20221121195719818600
36355 | 53966 | DATA | 1000 | 17000 | 20221121195719818879
53966 | 36355 | ACK | 31 | 20000 | 20221121195719819243
36355 | 53966 | DATA | 1000 | 17000 | 20221121195719819366
53966 | 36355 | ACK | 31 | 20000 | 20221121195719819317
36355 | 53966 | DATA | 1000 | 17000 | 20221121195719819712
53966 | 36355 | ACK | 31 | 20000 | 20221121195719819934
53966 | 36355 | ACK | 31 | 20000 | 20221121195719820175
36355 | 53966 | DATA | 1000 | 17000 | 20221121195719820273
36355 | 53966 | DATA | 1000 | 17000 | 20221121195719820676
53966 | 36355 | ACK | 31 | 20000 | 20221121195719820625
53966 | 36355 | ACK | 31 | 20000 | 20221121195719821078
36355 | 53966 | DATA | 1000 | 17000 | 20221121195719821327
36355 | 53966 | DATA | 1000 | 17000 | 20221121195719820986
36355 | 53966 | DATA | 1000 | 17000 | 20221121195719821530
53966 | 36355 | ACK | 31 | 20000 | 20221121195719821631
53966 | 36355 | ACK | 31 | 20000 | 20221121195719821587
53966 | 36355 | ACK | 31 | 20000 | 20221121195719821774
36355 | 53966 | DATA | 1000 | 18000 | 20221121195719822242
53966 | 36355 | ACK | 31 | 20000 | 20221121195719822596
36355 | 53966 | DATA | 1000 | 18000 | 20221121195719822693
36355 | 53966 | DATA | 1000 | 18000 | 20221121195719822944
53966 | 36355 | ACK | 31 | 20000 | 20221121195719823417
36355 | 53966 | DATA | 1000 | 18000 | 20221121195719823391
36355 | 53966 | DATA | 1000 | 18000 | 20221121195719823779
53966 | 36355 | ACK | 31 | 20000 | 20221121195719823312
53966 | 36355 | ACK | 31 | 20000 | 20221121195719824018
53966 | 36355 | ACK | 31 | 20000 | 20221121195719824219
36355 | 53966 | DATA | 1000 | 18000 | 20221121195719824361
36355 | 53966 | DATA | 1000 | 18000 | 20221121195719824450
36355 | 53966 | DATA | 1000 | 18000 | 20221121195719824887
53966 | 36355 | ACK | 31 | 20000 | 20221121195719825084
53966 | 36355 | ACK | 31 | 20000 | 20221121195719825029
36355 | 53966 | DATA | 1000 | 18000 | 20221121195719825235
53966 | 36355 | ACK | 31 | 20000 | 20221121195719825337
53966 | 36355 | ACK | 31 | 20000 | 20221121195719825788
36355 | 53966 | DATA | 1000 | 18000 | 20221121195719826077
36355 | 53966 | DATA | 1000 | 18000 | 20221121195719826498
53966 | 36355 | ACK | 31 | 20000 | 20221121195719826473
36355 | 53966 | DATA | 1000 | 18000 | 20221121195719826642
36355 | 53966 | DATA | 1000 | 18000 | 20221121195719826847
53966 | 36355 | ACK | 31 | 20000 | 20221121195719827272
53966 | 36355 | ACK | 31 | 20000 | 20221121195719827493
53966 | 36355 | ACK | 31 | 20000 | 20221121195719827571
36355 | 53966 | DATA | 1000 | 18000 | 20221121195719827728
36355 | 53966 | DATA | 1000 | 18000 | 20221121195719827849
53966 | 36355 | ACK | 31 | 20000 | 20221121195719827990
53966 | 36355 | ACK | 31 | 20000 | 20221121195719828274
36355 | 53966 | DATA | 1000 | 18000 | 20221121195719828534
53966 | 36355 | ACK | 31 | 20000 | 20221121195719828887
36355 | 53966 | DATA | 1000 | 18000 | 20221121195719828962
36355 | 53966 | DATA | 1000 | 18000 | 20221121195719829063
53966 | 36355 | ACK | 31 | 20000 | 20221121195719829206
53966 | 36355 | ACK | 31 | 20000 | 20221121195719829285
36355 | 53966 | DATA | 1000 | 19000 | 20221121195719829887
36355 | 53966 | DATA | 1000 | 19000 | 20221121195719830101
53966 | 36355 | ACK | 31 | 20000 | 20221121195719830224
53966 | 36355 | ACK | 31 | 20000 | 20221121195719830324
36355 | 53966 | DATA | 1000 | 19000 | 20221121195719830456
36355 | 53966 | DATA | 1000 | 19000 | 20221121195719830363
53966 | 36355 | ACK | 31 | 20000 | 20221121195719830898
36355 | 53966 | DATA | 1000 | 19000 | 20221121195719830870
53966 | 36355 | ACK | 31 | 20000 | 20221121195719831042
36355 | 53966 | DATA | 1000 | 19000 | 20221121195719831282
53966 | 36355 | ACK | 31 | 20000 | 20221121195719831690
36355 | 53966 | DATA | 1000 | 19000 | 20221121195719831822
53966 | 36355 | ACK | 31 | 20000 | 20221121195719831743
36355 | 53966 | DATA | 1000 | 19000 | 20221121195719832046
53966 | 36355 | ACK | 31 | 20000 | 20221121195719832223
36355 | 53966 | DATA | 1000 | 19000 | 20221121195719832592
53966 | 36355 | ACK | 31 | 20000 | 20221121195719832631
36355 | 53966 | DATA | 1000 | 19000 | 20221121195719832834
53966 | 36355 | ACK | 31 | 20000 | 20221121195719832989
36355 | 53966 | DATA | 1000 | 19000 | 20221121195719833285
53966 | 36355 | ACK | 31 | 20000 | 20221121195719833318
36355 | 53966 | DATA | 1000 | 19000 | 20221121195719833523
53966 | 36355 | ACK | 31 | 20000 | 20221121195719833730
36355 | 53966 | DATA | 1000 | 19000 | 20221121195719834197
53966 | 36355 | ACK | 31 | 20000 | 20221121195719834242
53966 | 36355 | ACK | 31 | 20000 | 20221121195719834562
36355 | 53966 | DATA | 1000 | 19000 | 20221121195719834742
36355 | 53966 | DATA | 1000 | 19000 | 20221121195719834632
53966 | 36355 | ACK | 31 | 20000 | 20221121195719835129
36355 | 53966 | DATA | 1000 | 19000 | 20221121195719835154
36355 | 53966 | DATA | 1000 | 19000 | 20221121195719835517
53966 | 36355 | ACK | 31 | 20000 | 20221121195719835377
53966 | 36355 | ACK | 31 | 20000 | 20221121195719835966
53966 | 36355 | ACK | 31 | 20000 | 20221121195719835888
36355 | 53966 | DATA | 1000 | 19000 | 20221121195719836123
36355 | 53966 | DATA | 1000 | 19000 | 20221121195719836298
53966 | 36355 | ACK | 31 | 20000 | 20221121195719836321
36355 | 53966 | DATA | 1000 | 19000 | 20221121195719838557
53966 | 36355 | ACK | 31 | 20000 | 20221121195719838661
36355 | 53966 | DATA | 1000 | 9000 | 20221121195719839076
36355 | 53966 | DATA | 1000 | 9000 | 20221121195719839292
53966 | 36355 | ACK | 31 | 20000 | 20221121195719839318
36355 | 53966 | DATA | 1000 | 9000 | 20221121195719839569
53966 | 36355 | ACK | 31 | 20000 | 20221121195719839909
36355 | 53966 | DATA | 1000 | 9000 | 20221121195719839836
53966 | 36355 | ACK | 31 | 20000 | 20221121195719839971
36355 | 53966 | DATA | 1000 | 9000 | 20221121195719840189
53966 | 36355 | ACK | 31 | 20000 | 20221121195719840465
53966 | 36355 | ACK | 31 | 20000 | 20221121195719840558
36355 | 53966 | DATA | 1000 | 9000 | 20221121195719840786
53966 | 36355 | ACK | 31 | 20000 | 20221121195719841138
36355 | 53966 | DATA | 1000 | 9000 | 20221121195719841161
36355 | 53966 | DATA | 1000 | 9000 | 20221121195719841280
53966 | 36355 | ACK | 31 | 20000 | 20221121195719841690
53966 | 36355 | ACK | 31 | 20000 | 20221121195719841665
36355 | 53966 | DATA | 1000 | 9000 | 20221121195719841710
53966 | 36355 | ACK | 31 | 20000 | 20221121195719841961
36355 | 53966 | DATA | 1000 | 10000 | 20221121195719842446
36355 | 53966 | DATA | 1000 | 10000 | 20221121195719842671
36355 | 53966 | DATA | 1000 | 10000 | 20221121195719842928
53966 | 36355 | ACK | 31 | 20000 | 20221121195719843058
53966 | 36355 | ACK | 31 | 20000 | 20221121195719843405
36355 | 53966 | DATA | 1000 | 10000 | 20221121195719843441
53966 | 36355 | ACK | 31 | 20000 | 20221121195719843602
36355 | 53966 | DATA | 1000 | 10000 | 20221121195719844001
53966 | 36355 | ACK | 31 | 20000 | 20221121195719844117
36355 | 53966 | DATA | 1000 | 10000 | 20221121195719844268
36355 | 53966 | DATA | 1000 | 10000 | 20221121195719844489
53966 | 36355 | ACK | 31 | 20000 | 20221121195719844515
53966 | 36355 | ACK | 31 | 20000 | 20221121195719845016
53966 | 36355 | ACK | 31 | 20000 | 20221121195719844945
36355 | 53966 | DATA | 1000 | 10000 | 20221121195719844922
53966 | 36355 | ACK | 31 | 20000 | 20221121195719845300
36355 | 53966 | DATA | 1000 | 10000 | 20221121195719845492
53966 | 36355 | ACK | 31 | 20000 | 20221121195719845788
36355 | 53966 | DATA | 1000 | 10000 | 20221121195719845720
53966 | 36355 | ACK | 31 | 20000 | 20221121195719845959
36355 | 53966 | DATA | 1000 | 11000 | 20221121195719846407
36355 | 53966 | DATA | 1000 | 11000 | 20221121195719846645
53966 | 36355 | ACK | 31 | 20000 | 20221121195719846688
36355 | 53966 | DATA | 1000 | 11000 | 20221121195719846944
53966 | 36355 | ACK | 31 | 20000 | 20221121195719846984
53966 | 36355 | ACK | 31 | 20000 | 20221121195719847365
36355 | 53966 | DATA | 1000 | 11000 | 20221121195719847237
53966 | 36355 | ACK | 31 | 20000 | 20221121195719847676
36355 | 53966 | DATA | 1000 | 11000 | 20221121195719847949
53966 | 36355 | ACK | 31 | 20000 | 20221121195719848205
36355 | 53966 | DATA | 1000 | 11000 | 20221121195719848365
53966 | 36355 | ACK | 31 | 20000 | 20221121195719848708
36355 | 53966 | DATA | 1000 | 11000 | 20221121195719848744
36355 | 53966 | DATA | 1000 | 11000 | 20221121195719848639
53966 | 36355 | ACK | 31 | 20000 | 20221121195719849121
53966 | 36355 | ACK | 31 | 20000 | 20221121195719849595
36355 | 53966 | DATA | 1000 | 11000 | 20221121195719849152
36355 | 53966 | DATA | 1000 | 11000 | 20221121195719849764
36355 | 53966 | DATA | 1000 | 11000 | 20221121195719849933
53966 | 36355 | ACK | 31 | 20000 | 20221121195719850105
53966 | 36355 | ACK | 31 | 20000 | 20221121195719850015
53966 | 36355 | ACK | 31 | 20000 | 20221121195719850247
36355 | 53966 | DATA | 1000 | 12000 | 20221121195719850841
36355 | 53966 | DATA | 1000 | 12000 | 20221121195719850989
53966 | 36355 | ACK | 31 | 20000 | 20221121195719851422
36355 | 53966 | DATA | 1000 | 12000 | 20221121195719851663
53966 | 36355 | ACK | 31 | 20000 | 20221121195719851544
36355 | 53966 | DATA | 1000 | 12000 | 20221121195719851947
36355 | 53966 | DATA | 1000 | 12000 | 20221121195719851820
53966 | 36355 | ACK | 31 | 20000 | 20221121195719852078
53966 | 36355 | ACK | 31 | 20000 | 20221121195719852459
36355 | 53966 | DATA | 1000 | 12000 | 20221121195719852256
36355 | 53966 | DATA | 1000 | 12000 | 20221121195719852923
53966 | 36355 | ACK | 31 | 20000 | 20221121195719852827
53966 | 36355 | ACK | 31 | 20000 | 20221121195719852853
36355 | 53966 | DATA | 1000 | 12000 | 20221121195719853399
53966 | 36355 | ACK | 31 | 20000 | 20221121195719853423
36355 | 53966 | DATA | 1000 | 12000 | 20221121195719853617
53966 | 36355 | ACK | 31 | 20000 | 20221121195719853819
53966 | 36355 | ACK | 31 | 20000 | 20221121195719854148
36355 | 53966 | DATA | 1000 | 12000 | 20221121195719854175
53966 | 36355 | ACK | 31 | 20000 | 20221121195719854481
36355 | 53966 | DATA | 1000 | 12000 | 20221121195719854455
53966 | 36355 | ACK | 31 | 20000 | 20221121195719854846
36355 | 53966 | DATA | 1000 | 12000 | 20221121195719854883
53966 | 36355 | ACK | 31 | 20000 | 20221121195719855026
36355 | 53966 | DATA | 1000 | 13000 | 20221121195719855507
36355 | 53966 | DATA | 1000 | 13000 | 20221121195719855616
36355 | 53966 | DATA | 1000 | 13000 | 20221121195719855812
53966 | 36355 | ACK | 31 | 20000 | 20221121195719855922
53966 | 36355 | ACK | 31 | 20000 | 20221121195719855997
53966 | 36355 | ACK | 31 | 20000 | 20221121195719856496
36355 | 53966 | DATA | 1000 | 13000 | 20221121195719856755
36355 | 53966 | DATA | 1000 | 13000 | 20221121195719856884
53966 | 36355 | ACK | 31 | 20000 | 20221121195719857064
53966 | 36355 | ACK | 31 | 20000 | 20221121195719857117
36355 | 53966 | DATA | 1000 | 13000 | 20221121195719857610
36355 | 53966 | DATA | 1000 | 13000 | 20221121195719857712
53966 | 36355 | ACK | 31 | 20000 | 20221121195719857865
36355 | 53966 | DATA | 1000 | 13000 | 20221121195719858020
53966 | 36355 | ACK | 31 | 20000 | 20221121195719858062
53966 | 36355 | ACK | 31 | 20000 | 20221121195719858300
36355 | 53966 | DATA | 1000 | 13000 | 20221121195719858680
53966 | 36355 | ACK | 31 | 20000 | 20221121195719859393
36355 | 53966 | DATA | 1000 | 13000 | 20221121195719859421
53966 | 36355 | ACK | 31 | 20000 | 20221121195719859732
36355 | 53966 | DATA | 1000 | 13000 | 20221121195719860017
36355 | 53966 | DATA | 1000 | 13000 | 20221121195719860065
53966 | 36355 | ACK | 31 | 20000 | 20221121195719860430
53966 | 36355 | ACK | 31 | 20000 | 20221121195719860246
36355 | 53966 | DATA | 1000 | 13000 | 20221121195719860548
53966 | 36355 | ACK | 31 | 20000 | 20221121195719860745
36355 | 53966 | DATA | 1000 | 14000 | 20221121195719861245
36355 | 53966 | DATA | 1000 | 14000 | 20221121195719861304
53966 | 36355 | ACK | 31 | 20000 | 20221121195719861656
36355 | 53966 | DATA | 1000 | 14000 | 20221121195719861690
36355 | 53966 | DATA | 1000 | 14000 | 20221121195719861914
53966 | 36355 | ACK | 31 | 20000 | 20221121195719861883
36355 | 53966 | DATA | 1000 | 14000 | 20221121195719862198
53966 | 36355 | ACK | 31 | 20000 | 20221121195719862295
53966 | 36355 | ACK | 31 | 20000 | 20221121195719862358
53966 | 36355 | ACK | 31 | 20000 | 20221121195719862638
36355 | 53966 | DATA | 1000 | 14000 | 20221121195719862999
53966 | 36355 | ACK | 31 | 20000 | 20221121195719863234
36355 | 53966 | DATA | 1000 | 14000 | 20221121195719863328
36355 | 53966 | DATA | 1000 | 14000 | 20221121195719863498
36355 | 53966 | DATA | 1000 | 14000 | 20221121195719863704
53966 | 36355 | ACK | 31 | 20000 | 20221121195719864032
53966 | 36355 | ACK | 31 | 20000 | 20221121195719863928
36355 | 53966 | DATA | 1000 | 14000 | 20221121195719864506
53966 | 36355 | ACK | 31 | 20000 | 20221121195719864447
36355 | 53966 | DATA | 1000 | 14000 | 20221121195719864596
53966 | 36355 | ACK | 31 | 20000 | 20221121195719864781
36355 | 53966 | DATA | 1000 | 14000 | 20221121195719865059
53966 | 36355 | ACK | 31 | 20000 | 20221121195719865133
53966 | 36355 | ACK | 31 | 20000 | 20221121195719865288
36355 | 53966 | DATA | 1000 | 14000 | 20221121195719865497
53966 | 36355 | ACK | 31 | 20000 | 20221121195719865747
36355 | 53966 | DATA | 1000 | 14000 | 20221121195719865994
53966 | 36355 | ACK | 31 | 20000 | 20221121195719866085
36355 | 53966 | DATA | 1000 | 15000 | 20221121195719866534
36355 | 53966 | DATA | 1000 | 15000 | 20221121195719866726
53966 | 36355 | ACK | 31 | 20000 | 20221121195719866844
36355 | 53966 | DATA | 956 | 15000 | 20221121195719866985
53966 | 36355 | ACK | 31 | 20000 | 20221121195719867110
53966 | 36355 | ACK | 31 | 20000 | 20221121195719867233
36355 | 53966 | FIN | 31 | 15000 | 20221121195719867380
53966 | 36355 | ACK | 31 | 20000 | 20221121195719867517
